<?xml version="1.0" encoding="UTF-8"?>
<!-- Generated by org.testng.reporters.JUnitReportReporter -->
<testsuite skipped="0" hostname="TW-577" name="testRunners.TestRunner" tests="3" failures="3" timestamp="12 Aug 2019 12:42:32 GMT" time="54.703" errors="0">
  <testcase name="feature" time="18.512" classname="testRunners.TestRunner">
    <failure type="org.junit.ComparisonFailure" message="expected:&lt;[Dashboard / nopCommerce administration]&gt; but was:&lt;[admin-demo.nopcommerce.com]&gt;">
      <![CDATA[org.junit.ComparisonFailure: expected:<[Dashboard / nopCommerce administration]> but was:<[admin-demo.nopcommerce.com]>
at org.junit.Assert.assertEquals(Assert.java:115)
at org.junit.Assert.assertEquals(Assert.java:144)
at stepDefinitions.LoginPageSteps.user_can_view_Dashboard(LoginPageSteps.java:107)
at ✽.User can view Dashboard(file:featureFiles/Customers.feature:8)
]]>
    </failure>
  </testcase> <!-- feature -->
  <testcase name="feature" time="18.148" classname="testRunners.TestRunner">
    <failure type="org.junit.ComparisonFailure" message="expected:&lt;[Dashboard / nopCommerce administration]&gt; but was:&lt;[admin-demo.nopcommerce.com]&gt;">
      <![CDATA[org.junit.ComparisonFailure: expected:<[Dashboard / nopCommerce administration]> but was:<[admin-demo.nopcommerce.com]>
at org.junit.Assert.assertEquals(Assert.java:115)
at org.junit.Assert.assertEquals(Assert.java:144)
at stepDefinitions.LoginPageSteps.user_can_view_Dashboard(LoginPageSteps.java:107)
at ✽.User can view Dashboard(file:featureFiles/Customers.feature:8)
]]>
    </failure>
  </testcase> <!-- feature -->
  <testcase name="feature" time="18.043" classname="testRunners.TestRunner">
    <failure type="org.junit.ComparisonFailure" message="expected:&lt;[Dashboard / nopCommerce administration]&gt; but was:&lt;[admin-demo.nopcommerce.com]&gt;">
      <![CDATA[org.junit.ComparisonFailure: expected:<[Dashboard / nopCommerce administration]> but was:<[admin-demo.nopcommerce.com]>
at org.junit.Assert.assertEquals(Assert.java:115)
at org.junit.Assert.assertEquals(Assert.java:144)
at stepDefinitions.LoginPageSteps.user_can_view_Dashboard(LoginPageSteps.java:107)
at ✽.User can view Dashboard(file:featureFiles/Customers.feature:8)
]]>
    </failure>
  </testcase> <!-- feature -->
</testsuite> <!-- testRunners.TestRunner -->
